Surface roughness [Angstrom]:	 0.000000
Amplitude of Waviness [cm]:	 0.000000
Waviness corr. length [cm]:	 0.000000
Source distance [cm]:		 2000.000000
Screen distance [cm]:		 2009.000000
Source diameter [cm]:		 0.000000
Capillary foc. distances [cm]:	 0.000000	0.000000
Number of channels:		 200000
Calculated capillary open area:	 0.575
Misalignment rotation [rad]/translation [cm]: 0.000000	0.000000
Capillary profile: xos1.prf
Capillary axis   : xos1.axs
External profile : xos1.ext
Input file       : xos1.inp
  E [keV]      I/I0
$DATA:
291	5
    1.00	0.356694228	0.620826304	1.000000000	0.000028190
    1.10	0.365992621	0.637010157	1.000000000	0.000035644
    1.20	0.373768450	0.650543988	1.000000000	0.000043771
    1.30	0.380612831	0.662456632	1.000000000	0.000052667
    1.40	0.386532817	0.672760367	1.000000000	0.000062510
    1.50	0.391607174	0.681592286	1.000000000	0.000073471
    1.60	0.395436391	0.688257039	1.000000000	0.000085889
    1.70	0.397460860	0.691780627	1.000000000	0.000100312
    1.80	0.386546583	0.672784328	1.000000000	0.000122517
    1.90	0.200946298	0.349747032	1.000000000	0.000058343
    2.00	0.216052488	0.376039356	1.000000000	0.000066493
    2.10	0.226292159	0.393861502	1.000000000	0.000074921
    2.20	0.234038348	0.407343745	1.000000000	0.000083829
    2.30	0.240756841	0.419037282	1.000000000	0.000093298
    2.40	0.246643797	0.429283530	1.000000000	0.000103389
    2.50	0.252029910	0.438658059	1.000000000	0.000114146
    2.60	0.257035467	0.447370231	1.000000000	0.000125614
    2.70	0.261729954	0.455540985	1.000000000	0.000137841
    2.80	0.266187751	0.463299781	1.000000000	0.000150869
    2.90	0.270421667	0.470668912	1.000000000	0.000164747
    3.00	0.274475417	0.477724463	1.000000000	0.000179513
    3.10	0.278385180	0.484529406	1.000000000	0.000195205
    3.20	0.282136266	0.491058171	1.000000000	0.000211862
    3.30	0.285730267	0.497313529	1.000000000	0.000229521
    3.40	0.289238996	0.503420472	1.000000000	0.000248191
    3.50	0.292604355	0.509277880	1.000000000	0.000267912
    3.60	0.295869786	0.514961362	1.000000000	0.000288695
    3.70	0.299028952	0.520459890	1.000000000	0.000310559
    3.80	0.302100825	0.525806487	1.000000000	0.000333511
    3.90	0.305061332	0.530959249	1.000000000	0.000357576
    4.00	0.307923074	0.535940111	1.000000000	0.000382761
    4.10	0.310695332	0.540765226	1.000000000	0.000409071
    4.20	0.313386291	0.545448840	1.000000000	0.000436503
    4.30	0.315972972	0.549950957	1.000000000	0.000465083
    4.40	0.318479654	0.554313838	1.000000000	0.000494788
    4.50	0.320869936	0.558474123	1.000000000	0.000525635
    4.60	0.323171144	0.562479377	1.000000000	0.000557574
    4.70	0.325395916	0.566351593	1.000000000	0.000590533
    4.80	0.327479391	0.569977880	1.000000000	0.000624511
    4.90	0.329478997	0.573458195	1.000000000	0.000659361
    5.00	0.331333025	0.576685131	1.000000000	0.000694857
    5.10	0.333042879	0.579661131	1.000000000	0.000730735
    5.20	0.334605990	0.582381725	1.000000000	0.000767431
    5.30	0.335999790	0.584807634	1.000000000	0.000804912
    5.40	0.337227053	0.586943686	1.000000000	0.000842802
    5.50	0.338271170	0.588760972	1.000000000	0.000881005
    5.60	0.339107553	0.590216696	1.000000000	0.000919672
    5.70	0.339731578	0.591302812	1.000000000	0.000958983
    5.80	0.340183176	0.592088819	1.000000000	0.000998302
    5.90	0.340420088	0.592501163	1.000000000	0.001036583
    6.00	0.340338549	0.592359245	1.000000000	0.001073374
    6.10	0.339964072	0.591707468	1.000000000	0.001109263
    6.20	0.339375115	0.590682387	1.000000000	0.001144413
    6.30	0.338535479	0.589221001	1.000000000	0.001177766
    6.40	0.337465061	0.587357938	1.000000000	0.001209291
    6.50	0.336195847	0.585148871	1.000000000	0.001240377
    6.60	0.334787698	0.582697988	1.000000000	0.001272056
    6.70	0.333277839	0.580070078	1.000000000	0.001304899
    6.80	0.331645243	0.577228546	1.000000000	0.001337616
    6.90	0.329925048	0.574234545	1.000000000	0.001371698
    7.00	0.328172352	0.571183980	1.000000000	0.001408436
    7.10	0.326211855	0.567771733	1.000000000	0.001445467
    7.20	0.323940611	0.563818634	1.000000000	0.001478073
    7.30	0.321502865	0.559575737	1.000000000	0.001508353
    7.40	0.318941286	0.555117309	1.000000000	0.001540108
    7.50	0.316292107	0.550506413	1.000000000	0.001573820
    7.60	0.313342457	0.545372546	1.000000000	0.001609243
    7.70	0.310109525	0.539745629	1.000000000	0.001645552
    7.80	0.306543075	0.533538222	1.000000000	0.001684042
    7.90	0.302703379	0.526855230	1.000000000	0.001739754
    8.00	0.298887106	0.520213008	1.000000000	0.001811798
    8.10	0.295164358	0.513733566	1.000000000	0.001878784
    8.20	0.291499760	0.507355332	1.000000000	0.001917126
    8.30	0.287964576	0.501202345	1.000000000	0.001937061
    8.40	0.284530332	0.495225042	1.000000000	0.001951888
    8.50	0.281035541	0.489142358	1.000000000	0.001984088
    8.60	0.277611775	0.483183295	1.000000000	0.002028928
    8.70	0.274086077	0.477046818	1.000000000	0.002084311
    8.80	0.270519268	0.470838785	1.000000000	0.002132229
    8.90	0.266865080	0.464478672	1.000000000	0.002159275
    9.00	0.263081050	0.457892567	1.000000000	0.002150219
    9.10	0.259253664	0.451231003	1.000000000	0.002130609
    9.20	0.255347856	0.444432944	1.000000000	0.002129755
    9.30	0.251287361	0.437365651	1.000000000	0.002127471
    9.40	0.247444976	0.430677980	1.000000000	0.002127883
    9.50	0.243854708	0.424429119	1.000000000	0.002147957
    9.60	0.240409795	0.418433249	1.000000000	0.002195390
    9.70	0.237020190	0.412533641	1.000000000	0.002234572
    9.80	0.233407251	0.406245321	1.000000000	0.002256869
    9.90	0.229571750	0.399569631	1.000000000	0.002273856
   10.00	0.226052353	0.393444121	1.000000000	0.002340644
   10.10	0.222711171	0.387628794	1.000000000	0.002399736
   10.20	0.219510585	0.382058173	1.000000000	0.002424402
   10.30	0.216332601	0.376526892	1.000000000	0.002463205
   10.40	0.213200044	0.371074677	1.000000000	0.002509670
   10.50	0.210213288	0.365876228	1.000000000	0.002562104
   10.60	0.207148246	0.360541523	1.000000000	0.002629967
   10.70	0.204069969	0.355183780	1.000000000	0.002724792
   10.80	0.200936812	0.349730521	1.000000000	0.002811565
   10.90	0.197878602	0.344407707	1.000000000	0.002865779
   11.00	0.194960697	0.339329094	1.000000000	0.002928043
   11.10	0.192096695	0.334344298	1.000000000	0.002968878
   11.20	0.189274421	0.329432130	1.000000000	0.002999590
   11.30	0.186384906	0.324402928	1.000000000	0.003036153
   11.40	0.183621260	0.319592804	1.000000000	0.003078295
   11.50	0.180908059	0.314870477	1.000000000	0.003130862
   11.60	0.178302697	0.310335845	1.000000000	0.003198130
   11.70	0.175730520	0.305858970	1.000000000	0.003284836
   11.80	0.173120826	0.301316798	1.000000000	0.003367852
   11.90	0.170549881	0.296842068	1.000000000	0.003438385
   12.00	0.168093625	0.292566955	1.000000000	0.003503597
   12.10	0.165687745	0.288379520	1.000000000	0.003576168
   12.20	0.163310580	0.284242064	1.000000000	0.003688056
   12.30	0.160857868	0.279973119	1.000000000	0.003796093
   12.40	0.158238688	0.275414437	1.000000000	0.003909319
   12.50	0.155609303	0.270837992	1.000000000	0.004043130
   12.60	0.153076645	0.266429901	1.000000000	0.004257722
   12.70	0.150545203	0.262023926	1.000000000	0.004474792
   12.80	0.148166959	0.257884592	1.000000000	0.004603932
   12.90	0.145790513	0.253748387	1.000000000	0.004701584
   13.00	0.143497206	0.249756888	1.000000000	0.004807446
   13.10	0.141174731	0.245714620	1.000000000	0.004942128
   13.20	0.138838455	0.241648331	1.000000000	0.005030145
   13.30	0.136508198	0.237592518	1.000000000	0.005138652
   13.40	0.134219720	0.233609423	1.000000000	0.005276486
   13.50	0.131971302	0.229696050	1.000000000	0.005475129
   13.60	0.129896560	0.226084962	1.000000000	0.005678983
   13.70	0.127793078	0.222423851	1.000000000	0.005858284
   13.80	0.125751246	0.218870044	1.000000000	0.006009874
   13.90	0.123709903	0.215317085	1.000000000	0.006172397
   14.00	0.121664441	0.211756960	1.000000000	0.006310300
   14.10	0.119707316	0.208350584	1.000000000	0.006425969
   14.20	0.117854059	0.205124989	1.000000000	0.006559816
   14.30	0.116018789	0.201930702	1.000000000	0.006722417
   14.40	0.114280391	0.198905021	1.000000000	0.006893492
   14.50	0.112503536	0.195812404	1.000000000	0.007113243
   14.60	0.110730550	0.192726523	1.000000000	0.007360004
   14.70	0.109031458	0.189769253	1.000000000	0.007621103
   14.80	0.107406808	0.186941549	1.000000000	0.007906794
   14.90	0.105855538	0.184241563	1.000000000	0.008160532
   15.00	0.104369394	0.181654930	1.000000000	0.008378045
   15.10	0.102961673	0.179204792	1.000000000	0.008542688
   15.20	0.101476206	0.176619336	1.000000000	0.008779844
   15.30	0.099962409	0.173984572	1.000000000	0.009029549
   15.40	0.098482737	0.171409205	1.000000000	0.009285974
   15.50	0.097006654	0.168840080	1.000000000	0.009570265
   15.60	0.095561459	0.166324720	1.000000000	0.009890672
   15.70	0.094082045	0.163749799	1.000000000	0.010167505
   15.80	0.092697979	0.161340833	1.000000000	0.010497467
   15.90	0.091380521	0.159047797	1.000000000	0.010858024
   16.00	0.090130271	0.156871736	1.000000000	0.011225397
   16.10	0.088848411	0.154640660	1.000000000	0.011602770
   16.20	0.087536030	0.152356461	1.000000000	0.011964139
   16.30	0.086303784	0.150211737	1.000000000	0.012307115
   16.40	0.085102257	0.148120478	1.000000000	0.012644949
   16.50	0.083833077	0.145911470	1.000000000	0.013011741
   16.60	0.082586311	0.143741474	1.000000000	0.013406754
   16.70	0.081367617	0.141620338	1.000000000	0.013802926
   16.80	0.080216910	0.139617532	1.000000000	0.014178353
   16.90	0.079075647	0.137631163	1.000000000	0.014549458
   17.00	0.077924991	0.135628447	1.000000000	0.014895110
   17.10	0.076908964	0.133860052	1.000000000	0.015192661
   17.20	0.075930949	0.132157817	1.000000000	0.015448063
   17.30	0.074996033	0.130530596	1.000000000	0.015644187
   17.40	0.074087092	0.128948584	1.000000000	0.015825806
   17.50	0.073156337	0.127328604	1.000000000	0.016066752
   17.60	0.072195052	0.125655487	1.000000000	0.016289640
   17.70	0.071227041	0.123970665	1.000000000	0.016584324
   17.80	0.070251689	0.122273065	1.000000000	0.016910411
   17.90	0.069233278	0.120500520	1.000000000	0.017262083
   18.00	0.068247425	0.118784644	1.000000000	0.017617634
   18.10	0.067284809	0.117109209	1.000000000	0.017970797
   18.20	0.066311456	0.115415089	1.000000000	0.018327564
   18.30	0.065376972	0.113788620	1.000000000	0.018742559
   18.40	0.064555319	0.112358533	1.000000000	0.019131286
   18.50	0.063749214	0.110955507	1.000000000	0.019558771
   18.60	0.063030114	0.109703913	1.000000000	0.019950332
   18.70	0.062306335	0.108444177	1.000000000	0.020316528
   18.80	0.061481369	0.107008323	1.000000000	0.020723045
   18.90	0.060638189	0.105540767	1.000000000	0.021150796
   19.00	0.059783758	0.104053631	1.000000000	0.021653811
   19.10	0.058919906	0.102550097	1.000000000	0.022132212
   19.20	0.058097817	0.101119250	1.000000000	0.022628831
   19.30	0.057322143	0.099769190	1.000000000	0.023101551
   19.40	0.056569748	0.098459646	1.000000000	0.023576096
   19.50	0.055817939	0.097151123	1.000000000	0.024110384
   19.60	0.055084477	0.095874533	1.000000000	0.024597572
   19.70	0.054393652	0.094672151	1.000000000	0.025046902
   19.80	0.053786899	0.093616098	1.000000000	0.025507269
   19.90	0.053111822	0.092441127	1.000000000	0.026069628
   20.00	0.052493174	0.091364369	1.000000000	0.026592685
   20.10	0.051827296	0.090205409	1.000000000	0.027134871
   20.20	0.051078047	0.088901341	1.000000000	0.027732784
   20.30	0.050315935	0.087574884	1.000000000	0.028347312
   20.40	0.049610473	0.086347029	1.000000000	0.028905144
   20.50	0.048941997	0.085183546	1.000000000	0.029463608
   20.60	0.048316833	0.084095448	1.000000000	0.029981224
   20.70	0.047673515	0.082975753	1.000000000	0.030501885
   20.80	0.047054186	0.081897810	1.000000000	0.031011052
   20.90	0.046473935	0.080887884	1.000000000	0.031566430
   21.00	0.045967056	0.080005661	1.000000000	0.032067109
   21.10	0.045393046	0.079006597	1.000000000	0.032592528
   21.20	0.044687217	0.077778101	1.000000000	0.033202894
   21.30	0.044138036	0.076822251	1.000000000	0.033747710
   21.40	0.043613931	0.075910047	1.000000000	0.034280784
   21.50	0.043130656	0.075068906	1.000000000	0.034800924
   21.60	0.042697794	0.074315511	1.000000000	0.035320941
   21.70	0.042294281	0.073613197	1.000000000	0.035815515
   21.80	0.041830903	0.072806686	1.000000000	0.036330089
   21.90	0.041374622	0.072012529	1.000000000	0.036834639
   22.00	0.040863346	0.071122654	1.000000000	0.037390370
   22.10	0.040369112	0.070262440	1.000000000	0.037900615
   22.20	0.039900310	0.069446489	1.000000000	0.038405072
   22.30	0.039390785	0.068559662	1.000000000	0.038914409
   22.40	0.038909162	0.067721397	1.000000000	0.039458569
   22.50	0.038447911	0.066918589	1.000000000	0.039997794
   22.60	0.037981249	0.066106364	1.000000000	0.040533572
   22.70	0.037528983	0.065319195	1.000000000	0.041092373
   22.80	0.037120963	0.064609036	1.000000000	0.041603636
   22.90	0.036716769	0.063905537	1.000000000	0.042161483
   23.00	0.036315727	0.063207522	1.000000000	0.042712092
   23.10	0.035942363	0.062557682	1.000000000	0.043224584
   23.20	0.035628884	0.062012073	1.000000000	0.043694284
   23.30	0.035342284	0.061513245	1.000000000	0.044193286
   23.40	0.035029910	0.060969558	1.000000000	0.044713221
   23.50	0.034693807	0.060384572	1.000000000	0.045238145
   23.60	0.034309273	0.059715290	1.000000000	0.045764394
   23.70	0.033921406	0.059040207	1.000000000	0.046313431
   23.80	0.033526476	0.058352832	1.000000000	0.046888031
   23.90	0.033163228	0.057720598	1.000000000	0.047463626
   24.00	0.032801234	0.057090547	1.000000000	0.048017308
   24.10	0.032481068	0.056533299	1.000000000	0.048519187
   24.20	0.032220812	0.056080323	1.000000000	0.048992019
   24.30	0.031928841	0.055572148	1.000000000	0.049477659
   24.40	0.031626409	0.055045765	1.000000000	0.049981322
   24.50	0.031302079	0.054481268	1.000000000	0.050529949
   24.60	0.031045771	0.054035164	1.000000000	0.051042143
   24.70	0.030800401	0.053608097	1.000000000	0.051544517
   24.80	0.030540899	0.053156435	1.000000000	0.052006707
   24.90	0.030314028	0.052761566	1.000000000	0.052425191
   25.00	0.030055807	0.052312132	1.000000000	0.052883733
   25.10	0.029756786	0.051791687	1.000000000	0.053369630
   25.20	0.029475250	0.051301673	1.000000000	0.053794257
   25.30	0.029249757	0.050909203	1.000000000	0.054195013
   25.40	0.029051359	0.050563890	1.000000000	0.054607261
   25.50	0.028883502	0.050271735	1.000000000	0.055019598
   25.60	0.028711363	0.049972128	1.000000000	0.055419970
   25.70	0.028468820	0.049549982	1.000000000	0.055885114
   25.80	0.028268699	0.049201671	1.000000000	0.056316409
   25.90	0.028068955	0.048854016	1.000000000	0.056736808
   26.00	0.027862194	0.048494149	1.000000000	0.057168938
   26.10	0.027678278	0.048174042	1.000000000	0.057597123
   26.20	0.027477502	0.047824591	1.000000000	0.058055334
   26.30	0.027285580	0.047490552	1.000000000	0.058492910
   26.40	0.027063764	0.047104482	1.000000000	0.058935534
   26.50	0.026851107	0.046734352	1.000000000	0.059406534
   26.60	0.026635943	0.046359859	1.000000000	0.059836250
   26.70	0.026423969	0.045990918	1.000000000	0.060251724
   26.80	0.026095675	0.045419522	1.000000000	0.060709190
   26.90	0.025831901	0.044960424	1.000000000	0.061128259
   27.00	0.025574836	0.044513002	1.000000000	0.061548036
   27.10	0.025315581	0.044061769	1.000000000	0.061946753
   27.20	0.025124017	0.043728352	1.000000000	0.062311433
   27.30	0.024919842	0.043372985	1.000000000	0.062680021
   27.40	0.024717944	0.043021582	1.000000000	0.063075207
   27.50	0.024553195	0.042734835	1.000000000	0.063440062
   27.60	0.024379348	0.042432256	1.000000000	0.063826501
   27.70	0.024189974	0.042102650	1.000000000	0.064269945
   27.80	0.024028784	0.041822098	1.000000000	0.064709105
   27.90	0.023859071	0.041526712	1.000000000	0.065148272
   28.00	0.023635117	0.041136920	1.000000000	0.065597549
   28.10	0.023376626	0.040687017	1.000000000	0.066079937
   28.20	0.023168795	0.040325288	1.000000000	0.066484638
   28.30	0.022981529	0.039999351	1.000000000	0.066891730
   28.40	0.022772467	0.039635479	1.000000000	0.067316324
   28.50	0.022605562	0.039344981	1.000000000	0.067708246
   28.60	0.022425008	0.039030727	1.000000000	0.068111971
   28.70	0.022245873	0.038718943	1.000000000	0.068498895
   28.80	0.022056741	0.038389757	1.000000000	0.068902619
   28.90	0.021849760	0.038029507	1.000000000	0.069319166
   29.00	0.021640116	0.037664622	1.000000000	0.069714926
   29.10	0.021418516	0.037278928	1.000000000	0.070123561
   29.20	0.021219420	0.036932401	1.000000000	0.070500277
   29.30	0.021006344	0.036561541	1.000000000	0.070885353
   29.40	0.020805257	0.036211550	1.000000000	0.071250364
   29.50	0.020617156	0.035884161	1.000000000	0.071616717
   29.60	0.020432703	0.035563119	1.000000000	0.071991384
   29.70	0.020250351	0.035245735	1.000000000	0.072358631
   29.80	0.020069471	0.034930915	1.000000000	0.072719492
   29.90	0.019887881	0.034614857	1.000000000	0.073103920
   30.00	0.019685187	0.034262069	1.000000000	0.073467396

The started photons: 5001

Average number of reflections: 38.250599
