Surface roughness [Angstrom]:	 0.000000
Amplitude of Waviness [cm]:	 0.000000
Waviness corr. length [cm]:	 0.000000
Source distance [cm]:		 0.500000
Screen distance [cm]:		 10.500000
Source diameter [cm]:		 0.000010
Capillary foc. distances [cm]:	 0.000000	0.000000
Number of channels:		 200000
Calculated capillary open area:	 0.575
Misalignment rotation [rad]/translation [cm]: 0.000000	0.000000
Capillary profile: xos1_conf.prf
Capillary axis   : xos1_conf.axs
External profile : xos1_conf.ext
Input file       : xos1_conf.inp
  E [keV]      I/I0
$DATA:
291	5
    1.00	0.252544564	0.439133346	1.000000000	0.000000240
    1.10	0.262286014	0.456072122	1.000000000	0.000000377
    1.20	0.270692849	0.470690221	1.000000000	0.000000548
    1.30	0.277917470	0.483252645	1.000000000	0.000000754
    1.40	0.284447300	0.494606942	1.000000000	0.000000997
    1.50	0.289854612	0.504009366	1.000000000	0.000001278
    1.60	0.294116388	0.511419892	1.000000000	0.000001599
    1.70	0.296172926	0.514995873	1.000000000	0.000001965
    1.80	0.286138001	0.497546792	1.000000000	0.000002402
    1.90	0.119654905	0.208060145	1.000000000	0.000000409
    2.00	0.127592432	0.221862197	1.000000000	0.000000512
    2.10	0.132573303	0.230523109	1.000000000	0.000000624
    2.20	0.137181001	0.238535136	1.000000000	0.000000754
    2.30	0.141877283	0.246701196	1.000000000	0.000000905
    2.40	0.146721716	0.255124867	1.000000000	0.000001076
    2.50	0.151698748	0.263779104	1.000000000	0.000001267
    2.60	0.156704625	0.272483498	1.000000000	0.000001478
    2.70	0.161635826	0.281058043	1.000000000	0.000001706
    2.80	0.166396851	0.289336681	1.000000000	0.000001952
    2.90	0.170909015	0.297182590	1.000000000	0.000002212
    3.00	0.175072172	0.304421633	1.000000000	0.000002485
    3.10	0.178867212	0.311020583	1.000000000	0.000002769
    3.20	0.182313846	0.317013711	1.000000000	0.000003065
    3.30	0.185475335	0.322511017	1.000000000	0.000003374
    3.40	0.188398210	0.327593416	1.000000000	0.000003673
    3.50	0.191124961	0.332334787	1.000000000	0.000004031
    3.60	0.193688256	0.336791933	1.000000000	0.000004382
    3.70	0.196112379	0.341007084	1.000000000	0.000004747
    3.80	0.198421138	0.345021635	1.000000000	0.000005127
    3.90	0.200633781	0.348869056	1.000000000	0.000005522
    4.00	0.202756596	0.352560282	1.000000000	0.000005932
    4.10	0.204790819	0.356097460	1.000000000	0.000006356
    4.20	0.206719482	0.359451085	1.000000000	0.000006790
    4.30	0.208515657	0.362574339	1.000000000	0.000007232
    4.40	0.210143474	0.365404844	1.000000000	0.000007678
    4.50	0.211552663	0.367855191	1.000000000	0.000008121
    4.60	0.212702758	0.369855016	1.000000000	0.000008551
    4.70	0.213530944	0.371295094	1.000000000	0.000008937
    4.80	0.213996274	0.372104228	1.000000000	0.000009254
    4.90	0.214040990	0.372181982	1.000000000	0.000009515
    5.00	0.213674999	0.371545583	1.000000000	0.000009735
    5.10	0.212922415	0.370236963	1.000000000	0.000009905
    5.20	0.211813283	0.368308365	1.000000000	0.000010050
    5.30	0.210322408	0.365715981	1.000000000	0.000010227
    5.40	0.208450751	0.362461478	1.000000000	0.000010399
    5.50	0.206148985	0.358459085	1.000000000	0.000010503
    5.60	0.203534358	0.353912681	1.000000000	0.000010573
    5.70	0.200719700	0.349018455	1.000000000	0.000010619
    5.80	0.197588103	0.343573123	1.000000000	0.000010621
    5.90	0.194126746	0.337554395	1.000000000	0.000010533
    6.00	0.190605899	0.331432223	1.000000000	0.000010385
    6.10	0.187119914	0.325370669	1.000000000	0.000010185
    6.20	0.183601141	0.319252104	1.000000000	0.000009939
    6.30	0.180076918	0.313124061	1.000000000	0.000009740
    6.40	0.176606426	0.307089448	1.000000000	0.000009492
    6.50	0.173024169	0.300860494	1.000000000	0.000009153
    6.60	0.169376303	0.294517457	1.000000000	0.000008771
    6.70	0.165777096	0.288259029	1.000000000	0.000008558
    6.80	0.162305285	0.282222122	1.000000000	0.000008435
    6.90	0.158911268	0.276320487	1.000000000	0.000008322
    7.00	0.155611723	0.270583123	1.000000000	0.000008185
    7.10	0.152327467	0.264872342	1.000000000	0.000007997
    7.20	0.149132848	0.259317428	1.000000000	0.000007821
    7.30	0.146027268	0.253917336	1.000000000	0.000007649
    7.40	0.142984667	0.248626754	1.000000000	0.000007511
    7.50	0.139889447	0.243244678	1.000000000	0.000007422
    7.60	0.136874568	0.238002300	1.000000000	0.000007325
    7.70	0.133999691	0.233003363	1.000000000	0.000007252
    7.80	0.131101530	0.227963939	1.000000000	0.000007192
    7.90	0.128191201	0.222903356	1.000000000	0.000007135
    8.00	0.125345203	0.217954636	1.000000000	0.000007099
    8.10	0.122558756	0.213109463	1.000000000	0.000007045
    8.20	0.119907169	0.208498791	1.000000000	0.000006957
    8.30	0.117295893	0.203958213	1.000000000	0.000006895
    8.40	0.114626653	0.199316844	1.000000000	0.000006852
    8.50	0.112149320	0.195009172	1.000000000	0.000006791
    8.60	0.109881344	0.191065535	1.000000000	0.000006682
    8.70	0.107732588	0.187329203	1.000000000	0.000006566
    8.80	0.105614057	0.183645427	1.000000000	0.000006420
    8.90	0.103568908	0.180089250	1.000000000	0.000006339
    9.00	0.101499550	0.176490977	1.000000000	0.000006249
    9.10	0.099283959	0.172638431	1.000000000	0.000006128
    9.20	0.097125040	0.168884426	1.000000000	0.000006053
    9.30	0.095074578	0.165319011	1.000000000	0.000006020
    9.40	0.093118390	0.161917523	1.000000000	0.000005985
    9.50	0.091264035	0.158693105	1.000000000	0.000005946
    9.60	0.089513981	0.155650049	1.000000000	0.000005891
    9.70	0.087769840	0.152617276	1.000000000	0.000005826
    9.80	0.086014112	0.149564356	1.000000000	0.000005760
    9.90	0.084200617	0.146410987	1.000000000	0.000005643
   10.00	0.082488449	0.143433809	1.000000000	0.000005569
   10.10	0.080852740	0.140589580	1.000000000	0.000005501
   10.20	0.079246904	0.137797296	1.000000000	0.000005322
   10.30	0.077710765	0.135126203	1.000000000	0.000005175
   10.40	0.076223001	0.132539228	1.000000000	0.000005106
   10.50	0.074785892	0.130040333	1.000000000	0.000005041
   10.60	0.073513792	0.127828360	1.000000000	0.000004988
   10.70	0.072314927	0.125743732	1.000000000	0.000004934
   10.80	0.071177147	0.123765320	1.000000000	0.000004854
   10.90	0.070059248	0.121821478	1.000000000	0.000004797
   11.00	0.068990852	0.119963713	1.000000000	0.000004783
   11.10	0.067917369	0.118097104	1.000000000	0.000004782
   11.20	0.066824691	0.116197117	1.000000000	0.000004784
   11.30	0.065786276	0.114391483	1.000000000	0.000004761
   11.40	0.064736411	0.112565942	1.000000000	0.000004733
   11.50	0.063693522	0.110752530	1.000000000	0.000004727
   11.60	0.062715552	0.109052002	1.000000000	0.000004719
   11.70	0.061709496	0.107302636	1.000000000	0.000004692
   11.80	0.060629458	0.105424628	1.000000000	0.000004651
   11.90	0.059593553	0.103623360	1.000000000	0.000004629
   12.00	0.058645847	0.101975456	1.000000000	0.000004569
   12.10	0.057699701	0.100330263	1.000000000	0.000004470
   12.20	0.056813169	0.098788731	1.000000000	0.000004380
   12.30	0.055859378	0.097130246	1.000000000	0.000004311
   12.40	0.054968133	0.095580518	1.000000000	0.000004256
   12.50	0.054122234	0.094109640	1.000000000	0.000004215
   12.60	0.053224258	0.092548206	1.000000000	0.000004177
   12.70	0.052426105	0.091160350	1.000000000	0.000004126
   12.80	0.051649238	0.089809507	1.000000000	0.000004078
   12.90	0.050877989	0.088468432	1.000000000	0.000004018
   13.00	0.050130015	0.087167829	1.000000000	0.000003974
   13.10	0.049405021	0.085907184	1.000000000	0.000003927
   13.20	0.048587398	0.084485471	1.000000000	0.000003829
   13.30	0.047720075	0.082977340	1.000000000	0.000003691
   13.40	0.046860353	0.081482425	1.000000000	0.000003614
   13.50	0.045991539	0.079971701	1.000000000	0.000003541
   13.60	0.045249598	0.078681588	1.000000000	0.000003494
   13.70	0.044541443	0.077450223	1.000000000	0.000003463
   13.80	0.043897899	0.076331206	1.000000000	0.000003435
   13.90	0.043280093	0.075256944	1.000000000	0.000003411
   14.00	0.042621170	0.074111186	1.000000000	0.000003392
   14.10	0.041962102	0.072965175	1.000000000	0.000003379
   14.20	0.041303904	0.071820676	1.000000000	0.000003344
   14.30	0.040602347	0.070600785	1.000000000	0.000003294
   14.40	0.039889702	0.069361612	1.000000000	0.000003195
   14.50	0.039258699	0.068264402	1.000000000	0.000003123
   14.60	0.038626680	0.067165427	1.000000000	0.000003044
   14.70	0.038025461	0.066120006	1.000000000	0.000002955
   14.80	0.037450937	0.065121002	1.000000000	0.000002899
   14.90	0.036869137	0.064109348	1.000000000	0.000002859
   15.00	0.036261482	0.063052736	1.000000000	0.000002820
   15.10	0.035607675	0.061915874	1.000000000	0.000002764
   15.20	0.034906320	0.060696334	1.000000000	0.000002686
   15.30	0.034279874	0.059607048	1.000000000	0.000002607
   15.40	0.033765138	0.058712006	1.000000000	0.000002555
   15.50	0.033235681	0.057791367	1.000000000	0.000002522
   15.60	0.032699372	0.056858815	1.000000000	0.000002491
   15.70	0.032100227	0.055817001	1.000000000	0.000002447
   15.80	0.031548015	0.054856796	1.000000000	0.000002409
   15.90	0.031013749	0.053927794	1.000000000	0.000002377
   16.00	0.030487175	0.053012170	1.000000000	0.000002335
   16.10	0.029959788	0.052095130	1.000000000	0.000002270
   16.20	0.029480309	0.051261395	1.000000000	0.000002196
   16.30	0.029033982	0.050485305	1.000000000	0.000002159
   16.40	0.028556114	0.049654372	1.000000000	0.000002132
   16.50	0.028138597	0.048928380	1.000000000	0.000002113
   16.60	0.027707196	0.048178244	1.000000000	0.000002102
   16.70	0.027311387	0.047489997	1.000000000	0.000002092
   16.80	0.026966114	0.046889625	1.000000000	0.000002083
   16.90	0.026594968	0.046244264	1.000000000	0.000002073
   17.00	0.026277391	0.045692049	1.000000000	0.000002069
   17.10	0.026001111	0.045211643	1.000000000	0.000002071
   17.20	0.025684677	0.044661418	1.000000000	0.000002071
   17.30	0.025422929	0.044206280	1.000000000	0.000002073
   17.40	0.025160186	0.043749414	1.000000000	0.000002067
   17.50	0.024887030	0.043274440	1.000000000	0.000002048
   17.60	0.024596132	0.042768616	1.000000000	0.000002023
   17.70	0.024345500	0.042332809	1.000000000	0.000002039
   17.80	0.024110851	0.041924793	1.000000000	0.000002041
   17.90	0.023878640	0.041521017	1.000000000	0.000002047
   18.00	0.023604806	0.041044865	1.000000000	0.000002054
   18.10	0.023372529	0.040640973	1.000000000	0.000002059
   18.20	0.023157870	0.040267717	1.000000000	0.000002064
   18.30	0.022953680	0.039912663	1.000000000	0.000002073
   18.40	0.022753369	0.039564356	1.000000000	0.000002081
   18.50	0.022543816	0.039199978	1.000000000	0.000002088
   18.60	0.022359023	0.038878653	1.000000000	0.000002096
   18.70	0.022174810	0.038558338	1.000000000	0.000002105
   18.80	0.021982711	0.038224310	1.000000000	0.000002114
   18.90	0.021766598	0.037848525	1.000000000	0.000002114
   19.00	0.021536675	0.037448727	1.000000000	0.000002106
   19.10	0.021235920	0.036925763	1.000000000	0.000002081
   19.20	0.020958626	0.036443595	1.000000000	0.000002063
   19.30	0.020742400	0.036067612	1.000000000	0.000002058
   19.40	0.020547499	0.035728712	1.000000000	0.000002057
   19.50	0.020338246	0.035364855	1.000000000	0.000002049
   19.60	0.020138571	0.035017654	1.000000000	0.000002038
   19.70	0.019936140	0.034665659	1.000000000	0.000002004
   19.80	0.019736307	0.034318183	1.000000000	0.000001963
   19.90	0.019581276	0.034048609	1.000000000	0.000001951
   20.00	0.019440683	0.033804141	1.000000000	0.000001943
   20.10	0.019292818	0.033547029	1.000000000	0.000001944
   20.20	0.019117552	0.033242270	1.000000000	0.000001943
   20.30	0.018961105	0.032970235	1.000000000	0.000001947
   20.40	0.018781049	0.032657146	1.000000000	0.000001951
   20.50	0.018623014	0.032382350	1.000000000	0.000001956
   20.60	0.018447221	0.032076675	1.000000000	0.000001963
   20.70	0.018246285	0.031727280	1.000000000	0.000001969
   20.80	0.018072549	0.031425182	1.000000000	0.000001977
   20.90	0.017904577	0.031133106	1.000000000	0.000001983
   21.00	0.017737963	0.030843392	1.000000000	0.000001984
   21.10	0.017568744	0.030549148	1.000000000	0.000001975
   21.20	0.017417081	0.030285431	1.000000000	0.000001995
   21.30	0.017280997	0.030048804	1.000000000	0.000001997
   21.40	0.017143976	0.029810546	1.000000000	0.000001976
   21.50	0.016981971	0.029528847	1.000000000	0.000001933
   21.60	0.016803434	0.029218400	1.000000000	0.000001880
   21.70	0.016641227	0.028936349	1.000000000	0.000001854
   21.80	0.016479630	0.028655360	1.000000000	0.000001832
   21.90	0.016307263	0.028355641	1.000000000	0.000001809
   22.00	0.016108176	0.028009461	1.000000000	0.000001787
   22.10	0.015936125	0.027710292	1.000000000	0.000001769
   22.20	0.015777804	0.027434999	1.000000000	0.000001747
   22.30	0.015651065	0.027214620	1.000000000	0.000001733
   22.40	0.015536635	0.027015645	1.000000000	0.000001713
   22.50	0.015373360	0.026731737	1.000000000	0.000001643
   22.60	0.015198849	0.026428292	1.000000000	0.000001581
   22.70	0.015052570	0.026173936	1.000000000	0.000001541
   22.80	0.014931925	0.025964156	1.000000000	0.000001510
   22.90	0.014805504	0.025744330	1.000000000	0.000001486
   23.00	0.014695159	0.025552457	1.000000000	0.000001463
   23.10	0.014552932	0.025305148	1.000000000	0.000001444
   23.20	0.014409771	0.025056215	1.000000000	0.000001423
   23.30	0.014275036	0.024821933	1.000000000	0.000001379
   23.40	0.014160803	0.024623301	1.000000000	0.000001356
   23.50	0.014011163	0.024363102	1.000000000	0.000001337
   23.60	0.013836864	0.024060024	1.000000000	0.000001320
   23.70	0.013684866	0.023795726	1.000000000	0.000001302
   23.80	0.013534278	0.023533877	1.000000000	0.000001289
   23.90	0.013426404	0.023346303	1.000000000	0.000001280
   24.00	0.013337042	0.023190916	1.000000000	0.000001274
   24.10	0.013234476	0.023012571	1.000000000	0.000001258
   24.20	0.013151967	0.022869101	1.000000000	0.000001245
   24.30	0.013081484	0.022746542	1.000000000	0.000001239
   24.40	0.013011953	0.022625640	1.000000000	0.000001237
   24.50	0.012945019	0.022509253	1.000000000	0.000001237
   24.60	0.012869683	0.022378257	1.000000000	0.000001240
   24.70	0.012776238	0.022215771	1.000000000	0.000001243
   24.80	0.012661741	0.022016680	1.000000000	0.000001247
   24.90	0.012562574	0.021844244	1.000000000	0.000001253
   25.00	0.012452654	0.021653112	1.000000000	0.000001255
   25.10	0.012342507	0.021461584	1.000000000	0.000001252
   25.20	0.012225751	0.021258565	1.000000000	0.000001253
   25.30	0.012132891	0.021097096	1.000000000	0.000001255
   25.40	0.012038253	0.020932537	1.000000000	0.000001259
   25.50	0.011952004	0.020782564	1.000000000	0.000001264
   25.60	0.011861560	0.020625297	1.000000000	0.000001262
   25.70	0.011767165	0.020461159	1.000000000	0.000001263
   25.80	0.011695701	0.020336894	1.000000000	0.000001264
   25.90	0.011631441	0.020225158	1.000000000	0.000001267
   26.00	0.011527782	0.020044912	1.000000000	0.000001268
   26.10	0.011426392	0.019868610	1.000000000	0.000001269
   26.20	0.011350726	0.019737041	1.000000000	0.000001273
   26.30	0.011286396	0.019625181	1.000000000	0.000001278
   26.40	0.011204722	0.019483164	1.000000000	0.000001275
   26.50	0.011064588	0.019239495	1.000000000	0.000001259
   26.60	0.010955705	0.019050164	1.000000000	0.000001252
   26.70	0.010864433	0.018891457	1.000000000	0.000001248
   26.80	0.010765382	0.018719224	1.000000000	0.000001245
   26.90	0.010682269	0.018574703	1.000000000	0.000001242
   27.00	0.010608165	0.018445849	1.000000000	0.000001239
   27.10	0.010504902	0.018266292	1.000000000	0.000001224
   27.20	0.010424080	0.018125756	1.000000000	0.000001196
   27.30	0.010341281	0.017981783	1.000000000	0.000001209
   27.40	0.010259205	0.017839065	1.000000000	0.000001201
   27.50	0.010173351	0.017689779	1.000000000	0.000001198
   27.60	0.010079803	0.017527115	1.000000000	0.000001181
   27.70	0.009985920	0.017363869	1.000000000	0.000001167
   27.80	0.009900125	0.017214684	1.000000000	0.000001154
   27.90	0.009805095	0.017049443	1.000000000	0.000001138
   28.00	0.009688241	0.016846253	1.000000000	0.000001125
   28.10	0.009594048	0.016682466	1.000000000	0.000001115
   28.20	0.009507922	0.016532708	1.000000000	0.000001108
   28.30	0.009409806	0.016362101	1.000000000	0.000001092
   28.40	0.009323874	0.016212679	1.000000000	0.000001074
   28.50	0.009244657	0.016074933	1.000000000	0.000001058
   28.60	0.009184972	0.015971152	1.000000000	0.000001051
   28.70	0.009129984	0.015875537	1.000000000	0.000001048
   28.80	0.009075549	0.015780883	1.000000000	0.000001044
   28.90	0.009032072	0.015705284	1.000000000	0.000001043
   29.00	0.008993923	0.015638949	1.000000000	0.000001045
   29.10	0.008957689	0.015575944	1.000000000	0.000001047
   29.20	0.008925912	0.015520689	1.000000000	0.000001051
   29.30	0.008897521	0.015471322	1.000000000	0.000001056
   29.40	0.008868999	0.015421727	1.000000000	0.000001061
   29.50	0.008840405	0.015372007	1.000000000	0.000001068
   29.60	0.008797303	0.015297059	1.000000000	0.000001073
   29.70	0.008760830	0.015233638	1.000000000	0.000001079
   29.80	0.008726671	0.015174242	1.000000000	0.000001085
   29.90	0.008681861	0.015096324	1.000000000	0.000001090
   30.00	0.008613666	0.014977744	1.000000000	0.000001089

The started photons: 5071

Average number of reflections: 47.604000
