Surface roughness [Angstrom]:	 0.000000
Amplitude of Waviness [cm]:	 0.000000
Waviness corr. length [cm]:	 0.000000
Source distance [cm]:		 0.100000
Screen distance [cm]:		 9.600000
Source diameter [cm]:		 0.413000
Capillary foc. distances [cm]:	 -0.001300	-0.001300
Number of channels:		 200000
Calculated capillary open area:	 0.575
Misalignment rotation [rad]/translation [cm]: 0.000000	0.000000
Capillary profile: xos1.prf
Capillary axis   : xos1.axs
External profile : xos1.ext
Input file       : xos1_foc.inp
  E [keV]      I/I0
$DATA:
291	5
    1.00	0.127695066	0.000000652	0.000002932	0.000023052
    1.10	0.134783165	0.000000688	0.000002932	0.000029575
    1.20	0.140987150	0.000000719	0.000002932	0.000037084
    1.30	0.146379915	0.000000747	0.000002932	0.000045668
    1.40	0.151301125	0.000000772	0.000002932	0.000055390
    1.50	0.155405747	0.000000793	0.000002932	0.000066288
    1.60	0.158654842	0.000000810	0.000002932	0.000078466
    1.70	0.160211001	0.000000818	0.000002932	0.000091926
    1.80	0.152458459	0.000000778	0.000002932	0.000106498
    1.90	0.043955339	0.000000224	0.000002932	0.000024720
    2.00	0.048155074	0.000000246	0.000002932	0.000028484
    2.10	0.050842475	0.000000259	0.000002932	0.000032245
    2.20	0.053364239	0.000000272	0.000002932	0.000036520
    2.30	0.055969870	0.000000286	0.000002932	0.000041433
    2.40	0.058694843	0.000000300	0.000002932	0.000047033
    2.50	0.061532960	0.000000314	0.000002932	0.000053343
    2.60	0.064425875	0.000000329	0.000002932	0.000060355
    2.70	0.067312162	0.000000344	0.000002932	0.000068040
    2.80	0.070131988	0.000000358	0.000002932	0.000076350
    2.90	0.072833143	0.000000372	0.000002932	0.000085224
    3.00	0.075348558	0.000000385	0.000002932	0.000094572
    3.10	0.077659450	0.000000396	0.000002932	0.000104330
    3.20	0.079771596	0.000000407	0.000002932	0.000114493
    3.30	0.081719124	0.000000417	0.000002932	0.000125090
    3.40	0.083527519	0.000000426	0.000002932	0.000136150
    3.50	0.085220721	0.000000435	0.000002932	0.000147710
    3.60	0.086817033	0.000000443	0.000002932	0.000159802
    3.70	0.088329906	0.000000451	0.000002932	0.000172441
    3.80	0.089772857	0.000000458	0.000002932	0.000185627
    3.90	0.091157119	0.000000465	0.000002932	0.000199426
    4.00	0.092486118	0.000000472	0.000002932	0.000213816
    4.10	0.093762841	0.000000478	0.000002932	0.000228677
    4.20	0.094985661	0.000000485	0.000002932	0.000243909
    4.30	0.096143140	0.000000491	0.000002932	0.000259627
    4.40	0.097219080	0.000000496	0.000002932	0.000275589
    4.50	0.098196580	0.000000501	0.000002932	0.000291577
    4.60	0.099062800	0.000000506	0.000002932	0.000307653
    4.70	0.099798029	0.000000509	0.000002932	0.000323448
    4.80	0.100391824	0.000000512	0.000002932	0.000338915
    4.90	0.100831753	0.000000515	0.000002932	0.000353847
    5.00	0.101122610	0.000000516	0.000002932	0.000368203
    5.10	0.101232488	0.000000517	0.000002932	0.000381771
    5.20	0.101134571	0.000000516	0.000002932	0.000394350
    5.30	0.100856230	0.000000515	0.000002932	0.000406012
    5.40	0.100398219	0.000000512	0.000002932	0.000416285
    5.50	0.099774117	0.000000509	0.000002932	0.000424945
    5.60	0.099006645	0.000000505	0.000002932	0.000432816
    5.70	0.098118055	0.000000501	0.000002932	0.000440801
    5.80	0.097112901	0.000000496	0.000002932	0.000448627
    5.90	0.095967836	0.000000490	0.000002932	0.000456400
    6.00	0.094664316	0.000000483	0.000002932	0.000463313
    6.10	0.093209079	0.000000476	0.000002932	0.000468390
    6.20	0.091636713	0.000000468	0.000002932	0.000473925
    6.30	0.089948400	0.000000459	0.000002932	0.000479790
    6.40	0.088153831	0.000000450	0.000002932	0.000485405
    6.50	0.086280061	0.000000440	0.000002932	0.000490033
    6.60	0.084307602	0.000000430	0.000002932	0.000492767
    6.70	0.082222150	0.000000420	0.000002932	0.000495071
    6.80	0.080132221	0.000000409	0.000002932	0.000498107
    6.90	0.078056358	0.000000398	0.000002932	0.000498327
    7.00	0.076035570	0.000000388	0.000002932	0.000498035
    7.10	0.074087409	0.000000378	0.000002932	0.000497565
    7.20	0.072130370	0.000000368	0.000002932	0.000498148
    7.30	0.070089681	0.000000358	0.000002932	0.000499794
    7.40	0.068100802	0.000000348	0.000002932	0.000502052
    7.50	0.066207627	0.000000338	0.000002932	0.000507066
    7.60	0.064308570	0.000000328	0.000002932	0.000517672
    7.70	0.062392737	0.000000318	0.000002932	0.000523723
    7.80	0.060501039	0.000000309	0.000002932	0.000522400
    7.90	0.058599093	0.000000299	0.000002932	0.000521896
    8.00	0.056733999	0.000000290	0.000002932	0.000516653
    8.10	0.055032398	0.000000281	0.000002932	0.000509717
    8.20	0.053449994	0.000000273	0.000002932	0.000509280
    8.30	0.051931390	0.000000265	0.000002932	0.000508186
    8.40	0.050443337	0.000000257	0.000002932	0.000497662
    8.50	0.048950593	0.000000250	0.000002932	0.000491403
    8.60	0.047442887	0.000000242	0.000002932	0.000504453
    8.70	0.045966632	0.000000235	0.000002932	0.000517873
    8.80	0.044562451	0.000000227	0.000002932	0.000520303
    8.90	0.043218432	0.000000221	0.000002932	0.000513529
    9.00	0.041915079	0.000000214	0.000002932	0.000507244
    9.10	0.040588957	0.000000207	0.000002932	0.000509056
    9.20	0.039364883	0.000000201	0.000002932	0.000518998
    9.30	0.038230078	0.000000195	0.000002932	0.000519585
    9.40	0.037153826	0.000000190	0.000002932	0.000509726
    9.50	0.036119375	0.000000184	0.000002932	0.000503970
    9.60	0.035103155	0.000000179	0.000002932	0.000505187
    9.70	0.034071676	0.000000174	0.000002932	0.000518936
    9.80	0.033037978	0.000000169	0.000002932	0.000535863
    9.90	0.031980124	0.000000163	0.000002932	0.000542019
   10.00	0.030923024	0.000000158	0.000002932	0.000528176
   10.10	0.029892318	0.000000153	0.000002932	0.000505277
   10.20	0.029003758	0.000000148	0.000002932	0.000475957
   10.30	0.028207601	0.000000144	0.000002932	0.000460804
   10.40	0.027370462	0.000000140	0.000002932	0.000460314
   10.50	0.026443936	0.000000135	0.000002932	0.000455924
   10.60	0.025528694	0.000000130	0.000002932	0.000449608
   10.70	0.024665405	0.000000126	0.000002932	0.000454355
   10.80	0.023812548	0.000000122	0.000002932	0.000459812
   10.90	0.022986982	0.000000117	0.000002932	0.000468025
   11.00	0.022135639	0.000000113	0.000002932	0.000469407
   11.10	0.021317733	0.000000109	0.000002932	0.000473859
   11.20	0.020579433	0.000000105	0.000002932	0.000485261
   11.30	0.019856788	0.000000101	0.000002932	0.000495720
   11.40	0.019228063	0.000000098	0.000002932	0.000490361
   11.50	0.018605549	0.000000095	0.000002932	0.000494950
   11.60	0.017996605	0.000000092	0.000002932	0.000491492
   11.70	0.017410300	0.000000089	0.000002932	0.000484453
   11.80	0.016887854	0.000000086	0.000002932	0.000457457
   11.90	0.016444124	0.000000084	0.000002932	0.000430246
   12.00	0.015966927	0.000000081	0.000002932	0.000414772
   12.10	0.015495209	0.000000079	0.000002932	0.000411268
   12.20	0.015091651	0.000000077	0.000002932	0.000412136
   12.30	0.014702971	0.000000075	0.000002932	0.000425664
   12.40	0.014319096	0.000000073	0.000002932	0.000452402
   12.50	0.013951146	0.000000071	0.000002932	0.000478160
   12.60	0.013589679	0.000000069	0.000002932	0.000491721
   12.70	0.013263175	0.000000068	0.000002932	0.000504669
   12.80	0.012937268	0.000000066	0.000002932	0.000521615
   12.90	0.012625206	0.000000064	0.000002932	0.000534838
   13.00	0.012321986	0.000000063	0.000002932	0.000546142
   13.10	0.012033965	0.000000061	0.000002932	0.000552803
   13.20	0.011723331	0.000000060	0.000002932	0.000553187
   13.30	0.011445381	0.000000058	0.000002932	0.000554418
   13.40	0.011188317	0.000000057	0.000002932	0.000559678
   13.50	0.010914883	0.000000056	0.000002932	0.000559010
   13.60	0.010641591	0.000000054	0.000002932	0.000552786
   13.70	0.010356554	0.000000053	0.000002932	0.000560314
   13.80	0.010060810	0.000000051	0.000002932	0.000586987
   13.90	0.009767900	0.000000050	0.000002932	0.000619417
   14.00	0.009482397	0.000000048	0.000002932	0.000664007
   14.10	0.009213977	0.000000047	0.000002932	0.000708308
   14.20	0.008931655	0.000000046	0.000002932	0.000748389
   14.30	0.008654986	0.000000044	0.000002932	0.000773774
   14.40	0.008443431	0.000000043	0.000002932	0.000789981
   14.50	0.008230060	0.000000042	0.000002932	0.000803882
   14.60	0.008001736	0.000000041	0.000002932	0.000823226
   14.70	0.007750237	0.000000040	0.000002932	0.000847892
   14.80	0.007526494	0.000000038	0.000002932	0.000870665
   14.90	0.007293491	0.000000037	0.000002932	0.000888320
   15.00	0.007091579	0.000000036	0.000002932	0.000900024
   15.10	0.006898455	0.000000035	0.000002932	0.000916579
   15.20	0.006629495	0.000000034	0.000002932	0.000927348
   15.30	0.006380248	0.000000033	0.000002932	0.000940623
   15.40	0.006183969	0.000000032	0.000002932	0.000962414
   15.50	0.005985982	0.000000031	0.000002932	0.000974993
   15.60	0.005821956	0.000000030	0.000002932	0.000979184
   15.70	0.005684551	0.000000029	0.000002932	0.000979360
   15.80	0.005555746	0.000000028	0.000002932	0.000992423
   15.90	0.005418803	0.000000028	0.000002932	0.001016943
   16.00	0.005287079	0.000000027	0.000002932	0.001030453
   16.10	0.005187924	0.000000026	0.000002932	0.001042966
   16.20	0.005097645	0.000000026	0.000002932	0.001059189
   16.30	0.005005640	0.000000026	0.000002932	0.001074280
   16.40	0.004923921	0.000000025	0.000002932	0.001089793
   16.50	0.004845737	0.000000025	0.000002932	0.001100140
   16.60	0.004778737	0.000000024	0.000002932	0.001112358
   16.70	0.004713096	0.000000024	0.000002932	0.001121021
   16.80	0.004643361	0.000000024	0.000002932	0.001130619
   16.90	0.004584295	0.000000023	0.000002932	0.001146531
   17.00	0.004539180	0.000000023	0.000002932	0.001161165
   17.10	0.004489228	0.000000023	0.000002932	0.001176886
   17.20	0.004432160	0.000000023	0.000002932	0.001192217
   17.30	0.004322597	0.000000022	0.000002932	0.001222328
   17.40	0.004222798	0.000000022	0.000002932	0.001256534
   17.50	0.004156424	0.000000021	0.000002932	0.001292418
   17.60	0.004086831	0.000000021	0.000002932	0.001322750
   17.70	0.004012027	0.000000020	0.000002932	0.001350833
   17.80	0.003956830	0.000000020	0.000002932	0.001377523
   17.90	0.003893371	0.000000020	0.000002932	0.001404041
   18.00	0.003794297	0.000000019	0.000002932	0.001428386
   18.10	0.003700216	0.000000019	0.000002932	0.001469875
   18.20	0.003630595	0.000000019	0.000002932	0.001515799
   18.30	0.003575613	0.000000018	0.000002932	0.001553094
   18.40	0.003518231	0.000000018	0.000002932	0.001582074
   18.50	0.003454084	0.000000018	0.000002932	0.001616967
   18.60	0.003391948	0.000000017	0.000002932	0.001654241
   18.70	0.003314913	0.000000017	0.000002932	0.001710586
   18.80	0.003248233	0.000000017	0.000002932	0.001742707
   18.90	0.003172267	0.000000016	0.000002932	0.001778579
   19.00	0.003112391	0.000000016	0.000002932	0.001812663
   19.10	0.003068464	0.000000016	0.000002932	0.001839677
   19.20	0.003033894	0.000000015	0.000002932	0.001861161
   19.30	0.003005094	0.000000015	0.000002932	0.001888067
   19.40	0.002971338	0.000000015	0.000002932	0.001909704
   19.50	0.002940450	0.000000015	0.000002932	0.001929746
   19.60	0.002914885	0.000000015	0.000002932	0.001954787
   19.70	0.002872084	0.000000015	0.000002932	0.001985824
   19.80	0.002804845	0.000000014	0.000002932	0.002029761
   19.90	0.002747944	0.000000014	0.000002932	0.002075042
   20.00	0.002708573	0.000000014	0.000002932	0.002110580
   20.10	0.002672094	0.000000014	0.000002932	0.002137729
   20.20	0.002638217	0.000000013	0.000002932	0.002171160
   20.30	0.002612636	0.000000013	0.000002932	0.002208273
   20.40	0.002590967	0.000000013	0.000002932	0.002242774
   20.50	0.002567139	0.000000013	0.000002932	0.002272674
   20.60	0.002521047	0.000000013	0.000002932	0.002306978
   20.70	0.002470766	0.000000013	0.000002932	0.002336796
   20.80	0.002426992	0.000000012	0.000002932	0.002365433
   20.90	0.002378399	0.000000012	0.000002932	0.002401162
   21.00	0.002327963	0.000000012	0.000002932	0.002443518
   21.10	0.002289049	0.000000012	0.000002932	0.002476782
   21.20	0.002260352	0.000000012	0.000002932	0.002510063
   21.30	0.002235077	0.000000011	0.000002932	0.002547574
   21.40	0.002200780	0.000000011	0.000002932	0.002577430
   21.50	0.002174042	0.000000011	0.000002932	0.002610061
   21.60	0.002140847	0.000000011	0.000002932	0.002644040
   21.70	0.002109058	0.000000011	0.000002932	0.002680072
   21.80	0.002085156	0.000000011	0.000002932	0.002707855
   21.90	0.002064516	0.000000011	0.000002932	0.002739873
   22.00	0.002048451	0.000000010	0.000002932	0.002774425
   22.10	0.002033477	0.000000010	0.000002932	0.002802475
   22.20	0.002019737	0.000000010	0.000002932	0.002830629
   22.30	0.002007808	0.000000010	0.000002932	0.002864114
   22.40	0.001990387	0.000000010	0.000002932	0.002898615
   22.50	0.001960139	0.000000010	0.000002932	0.002938775
   22.60	0.001938360	0.000000010	0.000002932	0.002969731
   22.70	0.001922690	0.000000010	0.000002932	0.003008065
   22.80	0.001910102	0.000000010	0.000002932	0.003047871
   22.90	0.001899333	0.000000010	0.000002932	0.003083649
   23.00	0.001889740	0.000000010	0.000002932	0.003116077
   23.10	0.001880922	0.000000010	0.000002932	0.003157623
   23.20	0.001872257	0.000000010	0.000002932	0.003197676
   23.30	0.001859793	0.000000009	0.000002932	0.003233479
   23.40	0.001831860	0.000000009	0.000002932	0.003276252
   23.50	0.001812089	0.000000009	0.000002932	0.003305775
   23.60	0.001781435	0.000000009	0.000002932	0.003349299
   23.70	0.001724657	0.000000009	0.000002932	0.003413344
   23.80	0.001681995	0.000000009	0.000002932	0.003463709
   23.90	0.001653452	0.000000008	0.000002932	0.003506878
   24.00	0.001630275	0.000000008	0.000002932	0.003529412
   24.10	0.001611352	0.000000008	0.000002932	0.003558554
   24.20	0.001593047	0.000000008	0.000002932	0.003587403
   24.30	0.001573575	0.000000008	0.000002932	0.003621501
   24.40	0.001556543	0.000000008	0.000002932	0.003653584
   24.50	0.001537307	0.000000008	0.000002932	0.003688302
   24.60	0.001505256	0.000000008	0.000002932	0.003731994
   24.70	0.001481741	0.000000008	0.000002932	0.003771768
   24.80	0.001464286	0.000000007	0.000002932	0.003810111
   24.90	0.001449003	0.000000007	0.000002932	0.003843698
   25.00	0.001435135	0.000000007	0.000002932	0.003853739
   25.10	0.001423445	0.000000007	0.000002932	0.003872590
   25.20	0.001411587	0.000000007	0.000002932	0.003887573
   25.30	0.001402099	0.000000007	0.000002932	0.003896350
   25.40	0.001394439	0.000000007	0.000002932	0.003910400
   25.50	0.001387676	0.000000007	0.000002932	0.003924015
   25.60	0.001380671	0.000000007	0.000002932	0.003936388
   25.70	0.001374936	0.000000007	0.000002932	0.003953864
   25.80	0.001369814	0.000000007	0.000002932	0.003972246
   25.90	0.001364846	0.000000007	0.000002932	0.003995781
   26.00	0.001359874	0.000000007	0.000002932	0.004019351
   26.10	0.001354258	0.000000007	0.000002932	0.004042906
   26.20	0.001345818	0.000000007	0.000002932	0.004062967
   26.30	0.001340450	0.000000007	0.000002932	0.004084622
   26.40	0.001336124	0.000000007	0.000002932	0.004096381
   26.50	0.001331504	0.000000007	0.000002932	0.004111609
   26.60	0.001322911	0.000000007	0.000002932	0.004127461
   26.70	0.001298460	0.000000007	0.000002932	0.004160711
   26.80	0.001284920	0.000000007	0.000002932	0.004196045
   26.90	0.001275400	0.000000007	0.000002932	0.004228633
   27.00	0.001267613	0.000000006	0.000002932	0.004249027
   27.10	0.001260013	0.000000006	0.000002932	0.004272757
   27.20	0.001238476	0.000000006	0.000002932	0.004301935
   27.30	0.001217644	0.000000006	0.000002932	0.004328423
   27.40	0.001202448	0.000000006	0.000002932	0.004347413
   27.50	0.001190924	0.000000006	0.000002932	0.004366621
   27.60	0.001180388	0.000000006	0.000002932	0.004387095
   27.70	0.001159652	0.000000006	0.000002932	0.004414270
   27.80	0.001124782	0.000000006	0.000002932	0.004456599
   27.90	0.001103414	0.000000006	0.000002932	0.004484141
   28.00	0.001089552	0.000000006	0.000002932	0.004514004
   28.10	0.001078939	0.000000006	0.000002932	0.004541528
   28.20	0.001069840	0.000000005	0.000002932	0.004564575
   28.30	0.001060304	0.000000005	0.000002932	0.004591154
   28.40	0.001046943	0.000000005	0.000002932	0.004620478
   28.50	0.001037637	0.000000005	0.000002932	0.004639242
   28.60	0.001029804	0.000000005	0.000002932	0.004659784
   28.70	0.001019199	0.000000005	0.000002932	0.004686070
   28.80	0.001010266	0.000000005	0.000002932	0.004706602
   28.90	0.000982692	0.000000005	0.000002932	0.004739756
   29.00	0.000953623	0.000000005	0.000002932	0.004769282
   29.10	0.000936296	0.000000005	0.000002932	0.004783670
   29.20	0.000923334	0.000000005	0.000002932	0.004795648
   29.30	0.000912712	0.000000005	0.000002932	0.004810041
   29.40	0.000901080	0.000000005	0.000002932	0.004824637
   29.50	0.000889916	0.000000005	0.000002932	0.004840114
   29.60	0.000881641	0.000000004	0.000002932	0.004845472
   29.70	0.000873254	0.000000004	0.000002932	0.004857856
   29.80	0.000866644	0.000000004	0.000002932	0.004864916
   29.90	0.000861286	0.000000004	0.000002932	0.004865981
   30.00	0.000856566	0.000000004	0.000002932	0.004875858

The started photons: 1717249821

Average number of reflections: 59.837601
